[2023-05-10T02:38:59.011+0000] {taskinstance.py:1090} INFO - Dependencies all met for dep_context=non-requeueable deps ti=<TaskInstance: scrape_and_save_to_csv.scrape_teams_25-30 scheduled__2023-05-01T02:00:00+00:00 [queued]>
[2023-05-10T02:38:59.032+0000] {taskinstance.py:1090} INFO - Dependencies all met for dep_context=requeueable deps ti=<TaskInstance: scrape_and_save_to_csv.scrape_teams_25-30 scheduled__2023-05-01T02:00:00+00:00 [queued]>
[2023-05-10T02:38:59.034+0000] {taskinstance.py:1288} INFO - 
--------------------------------------------------------------------------------
[2023-05-10T02:38:59.037+0000] {taskinstance.py:1289} INFO - Starting attempt 1 of 1
[2023-05-10T02:38:59.038+0000] {taskinstance.py:1290} INFO - 
--------------------------------------------------------------------------------
[2023-05-10T02:38:59.060+0000] {taskinstance.py:1309} INFO - Executing <Task(PythonOperator): scrape_teams_25-30> on 2023-05-01 02:00:00+00:00
[2023-05-10T02:38:59.096+0000] {standard_task_runner.py:55} INFO - Started process 17951 to run task
[2023-05-10T02:38:59.104+0000] {standard_task_runner.py:82} INFO - Running: ['***', 'tasks', 'run', 'scrape_and_save_to_csv', 'scrape_teams_25-30', 'scheduled__2023-05-01T02:00:00+00:00', '--job-id', '4041', '--raw', '--subdir', 'DAGS_FOLDER/scrape_and_push_dag.py', '--cfg-path', '/tmp/tmp2k438fl_']
[2023-05-10T02:38:59.110+0000] {standard_task_runner.py:83} INFO - Job 4041: Subtask scrape_teams_25-30
[2023-05-10T02:38:59.298+0000] {task_command.py:389} INFO - Running <TaskInstance: scrape_and_save_to_csv.scrape_teams_25-30 scheduled__2023-05-01T02:00:00+00:00 [running]> on host f41dbfa3d325
[2023-05-10T02:38:59.385+0000] {warnings.py:110} WARNING - /home/***/.local/lib/python3.7/site-packages/***/utils/context.py:205: AirflowContextDeprecationWarning: Accessing 'execution_date' from the template is deprecated and will be removed in a future version. Please use 'data_interval_start' or 'logical_date' instead.
  warnings.warn(_create_deprecation_warning(key, self._deprecation_replacements[key]))

[2023-05-10T02:38:59.464+0000] {taskinstance.py:1518} INFO - Exporting the following env vars:
AIRFLOW_CTX_DAG_OWNER=***
AIRFLOW_CTX_DAG_ID=scrape_and_save_to_csv
AIRFLOW_CTX_TASK_ID=scrape_teams_25-30
AIRFLOW_CTX_EXECUTION_DATE=2023-05-01T02:00:00+00:00
AIRFLOW_CTX_TRY_NUMBER=1
AIRFLOW_CTX_DAG_RUN_ID=scheduled__2023-05-01T02:00:00+00:00
[2023-05-10T02:39:01.115+0000] {helpers.py:98} ERROR - can't compare offset-naive and offset-aware datetimes
[2023-05-10T02:39:01.117+0000] {helpers.py:99} ERROR - Retrying! 9 attempts before skipping!
[2023-05-10T02:39:11.847+0000] {helpers.py:98} ERROR - can't compare offset-naive and offset-aware datetimes
[2023-05-10T02:39:11.848+0000] {helpers.py:99} ERROR - Retrying! 8 attempts before skipping!
[2023-05-10T02:39:22.499+0000] {helpers.py:98} ERROR - can't compare offset-naive and offset-aware datetimes
[2023-05-10T02:39:22.500+0000] {helpers.py:99} ERROR - Retrying! 7 attempts before skipping!
[2023-05-10T02:39:33.226+0000] {helpers.py:98} ERROR - can't compare offset-naive and offset-aware datetimes
[2023-05-10T02:39:33.228+0000] {helpers.py:99} ERROR - Retrying! 6 attempts before skipping!
[2023-05-10T02:39:44.881+0000] {local_task_job.py:277} WARNING - State of this instance has been externally set to None. Terminating instance.
[2023-05-10T02:39:44.891+0000] {process_utils.py:133} INFO - Sending Signals.SIGTERM to group 17951. PIDs of all processes in the group: [17951]
[2023-05-10T02:39:44.892+0000] {process_utils.py:84} INFO - Sending the signal Signals.SIGTERM to group 17951
[2023-05-10T02:39:44.894+0000] {taskinstance.py:1488} ERROR - Received SIGTERM. Terminating subprocesses.
[2023-05-10T02:39:44.901+0000] {helpers.py:98} ERROR - Task received SIGTERM signal
[2023-05-10T02:39:44.902+0000] {helpers.py:99} ERROR - Retrying! 5 attempts before skipping!
[2023-05-10T02:40:01.943+0000] {helpers.py:98} ERROR - can't compare offset-naive and offset-aware datetimes
[2023-05-10T02:40:01.965+0000] {helpers.py:99} ERROR - Retrying! 4 attempts before skipping!
[2023-05-10T02:40:04.149+0000] {helpers.py:98} ERROR - can't compare offset-naive and offset-aware datetimes
[2023-05-10T02:40:04.162+0000] {helpers.py:99} ERROR - Retrying! 3 attempts before skipping!
[2023-05-10T02:40:09.391+0000] {helpers.py:98} ERROR - can't compare offset-naive and offset-aware datetimes
[2023-05-10T02:40:09.398+0000] {helpers.py:99} ERROR - Retrying! 2 attempts before skipping!
[2023-05-10T02:40:20.179+0000] {helpers.py:98} ERROR - can't compare offset-naive and offset-aware datetimes
[2023-05-10T02:40:20.183+0000] {helpers.py:99} ERROR - Retrying! 1 attempts before skipping!
[2023-05-10T02:40:30.999+0000] {helpers.py:98} ERROR - can't compare offset-naive and offset-aware datetimes
[2023-05-10T02:40:31.001+0000] {helpers.py:99} ERROR - Retrying! 0 attempts before skipping!
[2023-05-10T02:40:41.855+0000] {helpers.py:98} ERROR - can't compare offset-naive and offset-aware datetimes
[2023-05-10T02:40:41.859+0000] {helpers.py:99} ERROR - Retrying! -1 attempts before skipping!
[2023-05-10T02:40:44.896+0000] {process_utils.py:147} WARNING - process psutil.Process(pid=17951, name='airflow task ru', status='sleeping', started='02:38:58') did not respond to SIGTERM. Trying SIGKILL
[2023-05-10T02:40:44.908+0000] {process_utils.py:84} INFO - Sending the signal Signals.SIGKILL to group 17951
[2023-05-10T02:40:44.971+0000] {process_utils.py:79} INFO - Process psutil.Process(pid=17951, name='airflow task ru', status='terminated', exitcode=<Negsignal.SIGKILL: -9>, started='02:38:58') (17951) terminated with exit code Negsignal.SIGKILL
[2023-05-10T02:40:44.985+0000] {standard_task_runner.py:170} ERROR - Job 4041 was killed before it finished (likely due to running out of memory)
[2023-05-10T02:42:12.481+0000] {taskinstance.py:1090} INFO - Dependencies all met for dep_context=non-requeueable deps ti=<TaskInstance: scrape_and_save_to_csv.scrape_teams_25-30 scheduled__2023-05-01T02:00:00+00:00 [queued]>
[2023-05-10T02:42:12.495+0000] {taskinstance.py:1090} INFO - Dependencies all met for dep_context=requeueable deps ti=<TaskInstance: scrape_and_save_to_csv.scrape_teams_25-30 scheduled__2023-05-01T02:00:00+00:00 [queued]>
[2023-05-10T02:42:12.497+0000] {taskinstance.py:1288} INFO - 
--------------------------------------------------------------------------------
[2023-05-10T02:42:12.498+0000] {taskinstance.py:1289} INFO - Starting attempt 1 of 1
[2023-05-10T02:42:12.500+0000] {taskinstance.py:1290} INFO - 
--------------------------------------------------------------------------------
[2023-05-10T02:42:12.512+0000] {taskinstance.py:1309} INFO - Executing <Task(PythonOperator): scrape_teams_25-30> on 2023-05-01 02:00:00+00:00
[2023-05-10T02:42:12.532+0000] {standard_task_runner.py:55} INFO - Started process 18068 to run task
[2023-05-10T02:42:12.538+0000] {standard_task_runner.py:82} INFO - Running: ['***', 'tasks', 'run', 'scrape_and_save_to_csv', 'scrape_teams_25-30', 'scheduled__2023-05-01T02:00:00+00:00', '--job-id', '4055', '--raw', '--subdir', 'DAGS_FOLDER/scrape_and_push_dag.py', '--cfg-path', '/tmp/tmp1xo1f4m3']
[2023-05-10T02:42:12.565+0000] {standard_task_runner.py:83} INFO - Job 4055: Subtask scrape_teams_25-30
[2023-05-10T02:42:12.686+0000] {task_command.py:389} INFO - Running <TaskInstance: scrape_and_save_to_csv.scrape_teams_25-30 scheduled__2023-05-01T02:00:00+00:00 [running]> on host f41dbfa3d325
[2023-05-10T02:42:12.741+0000] {warnings.py:110} WARNING - /home/***/.local/lib/python3.7/site-packages/***/utils/context.py:205: AirflowContextDeprecationWarning: Accessing 'execution_date' from the template is deprecated and will be removed in a future version. Please use 'data_interval_start' or 'logical_date' instead.
  warnings.warn(_create_deprecation_warning(key, self._deprecation_replacements[key]))

[2023-05-10T02:42:12.800+0000] {taskinstance.py:1518} INFO - Exporting the following env vars:
AIRFLOW_CTX_DAG_OWNER=***
AIRFLOW_CTX_DAG_ID=scrape_and_save_to_csv
AIRFLOW_CTX_TASK_ID=scrape_teams_25-30
AIRFLOW_CTX_EXECUTION_DATE=2023-05-01T02:00:00+00:00
AIRFLOW_CTX_TRY_NUMBER=1
AIRFLOW_CTX_DAG_RUN_ID=scheduled__2023-05-01T02:00:00+00:00
[2023-05-10T02:42:14.277+0000] {logging_mixin.py:137} INFO - 2023-05-10 02:38:01 2023-05-01 01:00:00+00:00
[2023-05-10T02:42:14.279+0000] {helpers.py:100} ERROR - can't compare offset-naive and offset-aware datetimes
[2023-05-10T02:42:14.281+0000] {helpers.py:101} ERROR - Retrying! 9 attempts before skipping!
[2023-05-10T02:42:21.774+0000] {logging_mixin.py:137} INFO - 2023-05-10 02:38:01 2023-05-01 01:00:00+00:00
[2023-05-10T02:42:21.776+0000] {helpers.py:100} ERROR - can't compare offset-naive and offset-aware datetimes
[2023-05-10T02:42:21.778+0000] {helpers.py:101} ERROR - Retrying! 8 attempts before skipping!
[2023-05-10T02:42:29.487+0000] {logging_mixin.py:137} INFO - 2023-05-10 02:38:01 2023-05-01 01:00:00+00:00
[2023-05-10T02:42:29.490+0000] {helpers.py:100} ERROR - can't compare offset-naive and offset-aware datetimes
[2023-05-10T02:42:29.491+0000] {helpers.py:101} ERROR - Retrying! 7 attempts before skipping!
[2023-05-10T02:42:37.190+0000] {logging_mixin.py:137} INFO - 2023-05-10 02:38:01 2023-05-01 01:00:00+00:00
[2023-05-10T02:42:37.195+0000] {helpers.py:100} ERROR - can't compare offset-naive and offset-aware datetimes
[2023-05-10T02:42:37.201+0000] {helpers.py:101} ERROR - Retrying! 6 attempts before skipping!
[2023-05-10T02:42:44.811+0000] {logging_mixin.py:137} INFO - 2023-05-10 02:38:01 2023-05-01 01:00:00+00:00
[2023-05-10T02:42:44.814+0000] {helpers.py:100} ERROR - can't compare offset-naive and offset-aware datetimes
[2023-05-10T02:42:44.816+0000] {helpers.py:101} ERROR - Retrying! 5 attempts before skipping!
[2023-05-10T02:42:52.569+0000] {logging_mixin.py:137} INFO - 2023-05-10 02:38:01 2023-05-01 01:00:00+00:00
[2023-05-10T02:42:52.581+0000] {helpers.py:100} ERROR - can't compare offset-naive and offset-aware datetimes
[2023-05-10T02:42:52.583+0000] {helpers.py:101} ERROR - Retrying! 4 attempts before skipping!
[2023-05-10T02:42:53.058+0000] {local_task_job.py:277} WARNING - State of this instance has been externally set to None. Terminating instance.
[2023-05-10T02:42:53.067+0000] {process_utils.py:133} INFO - Sending Signals.SIGTERM to group 18068. PIDs of all processes in the group: [18068]
[2023-05-10T02:42:53.071+0000] {process_utils.py:84} INFO - Sending the signal Signals.SIGTERM to group 18068
[2023-05-10T02:42:53.073+0000] {taskinstance.py:1488} ERROR - Received SIGTERM. Terminating subprocesses.
[2023-05-10T02:42:53.134+0000] {taskinstance.py:1776} ERROR - Task failed with exception
Traceback (most recent call last):
  File "/opt/airflow/dags/helpers.py", line 81, in scrape_and_save
    if created_date < after:
TypeError: can't compare offset-naive and offset-aware datetimes

During handling of the above exception, another exception occurred:

Traceback (most recent call last):
  File "/home/airflow/.local/lib/python3.7/site-packages/airflow/operators/python.py", line 175, in execute
    return_value = self.execute_callable()
  File "/home/airflow/.local/lib/python3.7/site-packages/airflow/operators/python.py", line 192, in execute_callable
    return self.python_callable(*self.op_args, **self.op_kwargs)
  File "/opt/airflow/dags/helpers.py", line 102, in scrape_and_save
    time.sleep(1)
  File "/home/airflow/.local/lib/python3.7/site-packages/airflow/models/taskinstance.py", line 1490, in signal_handler
    raise AirflowException("Task received SIGTERM signal")
airflow.exceptions.AirflowException: Task received SIGTERM signal
[2023-05-10T02:42:53.201+0000] {taskinstance.py:1332} INFO - Marking task as FAILED. dag_id=scrape_and_save_to_csv, task_id=scrape_teams_25-30, execution_date=20230501T020000, start_date=20230510T024212, end_date=20230510T024253
[2023-05-10T02:42:53.242+0000] {standard_task_runner.py:105} ERROR - Failed to execute job 4055 for task scrape_teams_25-30 ((psycopg2.errors.ForeignKeyViolation) insert or update on table "task_fail" violates foreign key constraint "task_fail_ti_fkey"
DETAIL:  Key (dag_id, task_id, run_id, map_index)=(scrape_and_save_to_csv, scrape_teams_25-30, scheduled__2023-05-01T02:00:00+00:00, -1) is not present in table "task_instance".

[SQL: INSERT INTO task_fail (task_id, dag_id, run_id, map_index, start_date, end_date, duration) VALUES (%(task_id)s, %(dag_id)s, %(run_id)s, %(map_index)s, %(start_date)s, %(end_date)s, %(duration)s) RETURNING task_fail.id]
[parameters: {'task_id': 'scrape_teams_25-30', 'dag_id': 'scrape_and_save_to_csv', 'run_id': 'scheduled__2023-05-01T02:00:00+00:00', 'map_index': -1, 'start_date': datetime.datetime(2023, 5, 10, 2, 42, 12, 489015, tzinfo=Timezone('UTC')), 'end_date': datetime.datetime(2023, 5, 10, 2, 42, 53, 200083, tzinfo=Timezone('UTC')), 'duration': 40}]
(Background on this error at: https://sqlalche.me/e/14/gkpj); 18068)
[2023-05-10T02:42:53.337+0000] {process_utils.py:79} INFO - Process psutil.Process(pid=18068, status='terminated', exitcode=1, started='02:42:12') (18068) terminated with exit code 1
[2023-05-10T02:48:25.206+0000] {taskinstance.py:1090} INFO - Dependencies all met for dep_context=non-requeueable deps ti=<TaskInstance: scrape_and_save_to_csv.scrape_teams_25-30 scheduled__2023-05-01T02:00:00+00:00 [queued]>
[2023-05-10T02:48:25.216+0000] {taskinstance.py:1090} INFO - Dependencies all met for dep_context=requeueable deps ti=<TaskInstance: scrape_and_save_to_csv.scrape_teams_25-30 scheduled__2023-05-01T02:00:00+00:00 [queued]>
[2023-05-10T02:48:25.218+0000] {taskinstance.py:1288} INFO - 
--------------------------------------------------------------------------------
[2023-05-10T02:48:25.222+0000] {taskinstance.py:1289} INFO - Starting attempt 1 of 1
[2023-05-10T02:48:25.224+0000] {taskinstance.py:1290} INFO - 
--------------------------------------------------------------------------------
[2023-05-10T02:48:25.242+0000] {taskinstance.py:1309} INFO - Executing <Task(PythonOperator): scrape_teams_25-30> on 2023-05-01 02:00:00+00:00
[2023-05-10T02:48:25.256+0000] {standard_task_runner.py:55} INFO - Started process 18268 to run task
[2023-05-10T02:48:25.270+0000] {standard_task_runner.py:82} INFO - Running: ['***', 'tasks', 'run', 'scrape_and_save_to_csv', 'scrape_teams_25-30', 'scheduled__2023-05-01T02:00:00+00:00', '--job-id', '4077', '--raw', '--subdir', 'DAGS_FOLDER/scrape_and_push_dag.py', '--cfg-path', '/tmp/tmp1d55en9r']
[2023-05-10T02:48:25.276+0000] {standard_task_runner.py:83} INFO - Job 4077: Subtask scrape_teams_25-30
[2023-05-10T02:48:25.384+0000] {task_command.py:389} INFO - Running <TaskInstance: scrape_and_save_to_csv.scrape_teams_25-30 scheduled__2023-05-01T02:00:00+00:00 [running]> on host f41dbfa3d325
[2023-05-10T02:48:25.420+0000] {warnings.py:110} WARNING - /home/***/.local/lib/python3.7/site-packages/***/utils/context.py:205: AirflowContextDeprecationWarning: Accessing 'execution_date' from the template is deprecated and will be removed in a future version. Please use 'data_interval_start' or 'logical_date' instead.
  warnings.warn(_create_deprecation_warning(key, self._deprecation_replacements[key]))

[2023-05-10T02:48:25.460+0000] {taskinstance.py:1518} INFO - Exporting the following env vars:
AIRFLOW_CTX_DAG_OWNER=***
AIRFLOW_CTX_DAG_ID=scrape_and_save_to_csv
AIRFLOW_CTX_TASK_ID=scrape_teams_25-30
AIRFLOW_CTX_EXECUTION_DATE=2023-05-01T02:00:00+00:00
AIRFLOW_CTX_TRY_NUMBER=1
AIRFLOW_CTX_DAG_RUN_ID=scheduled__2023-05-01T02:00:00+00:00
[2023-05-10T02:48:54.032+0000] {helpers.py:95} INFO - Portland Trail Blazers: Successfully scraped!
[2023-05-10T02:49:12.725+0000] {helpers.py:95} INFO - Sacramento Kings: Successfully scraped!
[2023-05-10T02:49:16.629+0000] {helpers.py:95} INFO - San Antonio Spurs: Successfully scraped!
[2023-05-10T02:56:08.692+0000] {helpers.py:95} INFO - Toronto Raptors: Successfully scraped!
[2023-05-10T02:56:13.173+0000] {helpers.py:95} INFO - Utah Jazz: Successfully scraped!
[2023-05-10T02:56:17.917+0000] {helpers.py:95} INFO - Washington Wizards: Successfully scraped!
[2023-05-10T02:56:17.980+0000] {helpers.py:110} INFO - Saved in /opt/***/data/output_scrape_teams_25-30.csv
[2023-05-10T02:56:17.982+0000] {python.py:177} INFO - Done. Returned value was: None
[2023-05-10T02:56:18.017+0000] {taskinstance.py:1332} INFO - Marking task as SUCCESS. dag_id=scrape_and_save_to_csv, task_id=scrape_teams_25-30, execution_date=20230501T020000, start_date=20230510T024825, end_date=20230510T025618
[2023-05-10T02:56:18.179+0000] {local_task_job.py:212} INFO - Task exited with return code 0
[2023-05-10T02:56:18.229+0000] {taskinstance.py:2596} INFO - 0 downstream tasks scheduled from follow-on schedule check
[2023-05-10T03:24:53.697+0000] {taskinstance.py:1090} INFO - Dependencies all met for dep_context=non-requeueable deps ti=<TaskInstance: scrape_and_save_to_csv.scrape_teams_25-30 scheduled__2023-05-01T02:00:00+00:00 [queued]>
[2023-05-10T03:24:53.710+0000] {taskinstance.py:1090} INFO - Dependencies all met for dep_context=requeueable deps ti=<TaskInstance: scrape_and_save_to_csv.scrape_teams_25-30 scheduled__2023-05-01T02:00:00+00:00 [queued]>
[2023-05-10T03:24:53.712+0000] {taskinstance.py:1288} INFO - 
--------------------------------------------------------------------------------
[2023-05-10T03:24:53.713+0000] {taskinstance.py:1289} INFO - Starting attempt 1 of 1
[2023-05-10T03:24:53.714+0000] {taskinstance.py:1290} INFO - 
--------------------------------------------------------------------------------
[2023-05-10T03:24:53.740+0000] {taskinstance.py:1309} INFO - Executing <Task(PythonOperator): scrape_teams_25-30> on 2023-05-01 02:00:00+00:00
[2023-05-10T03:24:53.750+0000] {standard_task_runner.py:55} INFO - Started process 18702 to run task
[2023-05-10T03:24:53.762+0000] {standard_task_runner.py:82} INFO - Running: ['***', 'tasks', 'run', 'scrape_and_save_to_csv', 'scrape_teams_25-30', 'scheduled__2023-05-01T02:00:00+00:00', '--job-id', '4108', '--raw', '--subdir', 'DAGS_FOLDER/scrape_and_push_dag.py', '--cfg-path', '/tmp/tmpms3_2fy_']
[2023-05-10T03:24:53.772+0000] {standard_task_runner.py:83} INFO - Job 4108: Subtask scrape_teams_25-30
[2023-05-10T03:24:53.907+0000] {task_command.py:389} INFO - Running <TaskInstance: scrape_and_save_to_csv.scrape_teams_25-30 scheduled__2023-05-01T02:00:00+00:00 [running]> on host f41dbfa3d325
[2023-05-10T03:24:53.965+0000] {warnings.py:110} WARNING - /home/***/.local/lib/python3.7/site-packages/***/utils/context.py:205: AirflowContextDeprecationWarning: Accessing 'execution_date' from the template is deprecated and will be removed in a future version. Please use 'data_interval_start' or 'logical_date' instead.
  warnings.warn(_create_deprecation_warning(key, self._deprecation_replacements[key]))

[2023-05-10T03:24:54.015+0000] {taskinstance.py:1518} INFO - Exporting the following env vars:
AIRFLOW_CTX_DAG_OWNER=***
AIRFLOW_CTX_DAG_ID=scrape_and_save_to_csv
AIRFLOW_CTX_TASK_ID=scrape_teams_25-30
AIRFLOW_CTX_EXECUTION_DATE=2023-05-01T02:00:00+00:00
AIRFLOW_CTX_TRY_NUMBER=1
AIRFLOW_CTX_DAG_RUN_ID=scheduled__2023-05-01T02:00:00+00:00
[2023-05-10T03:25:14.112+0000] {helpers.py:95} INFO - Portland Trail Blazers: Successfully scraped!
[2023-05-10T03:25:52.732+0000] {helpers.py:95} INFO - Sacramento Kings: Successfully scraped!
[2023-05-10T03:26:32.703+0000] {helpers.py:95} INFO - San Antonio Spurs: Successfully scraped!
[2023-05-10T03:27:12.845+0000] {helpers.py:95} INFO - Toronto Raptors: Successfully scraped!
[2023-05-10T03:27:52.751+0000] {helpers.py:95} INFO - Utah Jazz: Successfully scraped!
[2023-05-10T03:28:33.116+0000] {helpers.py:95} INFO - Washington Wizards: Successfully scraped!
[2023-05-10T03:28:33.140+0000] {helpers.py:110} INFO - Saved in /opt/***/data/output_scrape_teams_25-30.csv
[2023-05-10T03:28:33.142+0000] {python.py:177} INFO - Done. Returned value was: None
[2023-05-10T03:28:33.173+0000] {taskinstance.py:1332} INFO - Marking task as SUCCESS. dag_id=scrape_and_save_to_csv, task_id=scrape_teams_25-30, execution_date=20230501T020000, start_date=20230510T032453, end_date=20230510T032833
[2023-05-10T03:28:33.365+0000] {local_task_job.py:212} INFO - Task exited with return code 0
[2023-05-10T03:28:33.399+0000] {taskinstance.py:2596} INFO - 0 downstream tasks scheduled from follow-on schedule check
